<?xml version="1.0" encoding="UTF-8"?>
<robot generator="Robot 3.2.1 (Python 3.6.9 on linux)" generated="20200823 13:43:34.843" rpa="false">
<suite id="s1" name="Valid Get Users" source="/home/samiheikkinen/git/learning_environment/tests/web_tests/valid_get_users.robot">
<kw name="Build Database" library="common_lib" type="setup">
<kw name="Run Shell Script" library="common">
<arguments>
<arg>${CREATE_ENV_COMMAND}</arg>
<arg>${CREATE_ENV_SCRIPT_FILE}</arg>
</arguments>
<status status="PASS" starttime="20200823 13:43:34.860" endtime="20200823 13:43:34.882"></status>
</kw>
<status status="PASS" starttime="20200823 13:43:34.860" endtime="20200823 13:43:34.882"></status>
</kw>
<test id="s1-t1" name="Get And Verify All Users">
<kw name="Log To Console" library="BuiltIn">
<doc>Logs the given message to the console.</doc>
<arguments>
<arg>${TEST}</arg>
</arguments>
<status status="PASS" starttime="20200823 13:43:34.883" endtime="20200823 13:43:34.884"></status>
</kw>
<status status="PASS" starttime="20200823 13:43:34.883" endtime="20200823 13:43:34.884" critical="yes"></status>
</test>
<kw name="Delete Database" library="common_lib" type="teardown">
<kw name="Run Shell Script" library="common">
<arguments>
<arg>${DELETE_ENV_COMMAND}</arg>
<arg>${DELETE_ENV_SCRIPT_FILE}</arg>
</arguments>
<status status="PASS" starttime="20200823 13:43:34.884" endtime="20200823 13:43:34.898"></status>
</kw>
<status status="PASS" starttime="20200823 13:43:34.884" endtime="20200823 13:43:34.898"></status>
</kw>
<doc>Test case for verifying GET endpoint for users</doc>
<status status="PASS" starttime="20200823 13:43:34.844" endtime="20200823 13:43:34.898"></status>
</suite>
<statistics>
<total>
<stat pass="1" fail="0">Critical Tests</stat>
<stat pass="1" fail="0">All Tests</stat>
</total>
<tag>
</tag>
<suite>
<stat pass="1" fail="0" id="s1" name="Valid Get Users">Valid Get Users</stat>
</suite>
</statistics>
<errors>
</errors>
</robot>
